<?xml version="1.0" encoding="UTF-8"?>
<!-- Generated by org.testng.reporters.JUnitReportReporter -->
<testsuite skipped="0" hostname="samrat-HP" name="testScripts.LoginLogout" tests="2" failures="0" timestamp="24 Jul 2020 10:10:22 GMT" time="6.630" errors="0">
  <testcase name="logintestandLogout" time="3.230" classname="testScripts.LoginLogout"/>
  <testcase name="logintestandLogout" time="3.400" classname="testScripts.LoginLogout"/>
</testsuite> <!-- testScripts.LoginLogout -->
